

Microchip MPLAB XC8 Assembler V2.45 build 20230818022343 
                                                                                               Fri Mar 01 08:15:03 2024

Microchip MPLAB XC8 C Compiler v2.45 (Free license) build 20230818022343 Og1 
     1                           	processor	16F883
     2                           	pagewidth 120
     3                           	opt	flic
     4                           	psect	cinit,global,class=CODE,merge=1,delta=2
     5                           	psect	cstackCOMMON,global,class=COMMON,space=1,delta=1,noexec
     6                           	psect	maintext,global,class=CODE,split=1,delta=2
     7                           	psect	text1,local,class=CODE,merge=1,delta=2
     8                           	psect	intentry,global,class=CODE,delta=2
     9                           	psect	config,global,abs,ovrld,class=CONFIG,space=4,delta=2,noexec
    10                           	dabs	1,0x7E,2
    11     0000                     
    12                           ; Generated 22/03/2023 GMT
    13                           ; 
    14                           ; Copyright © 2023, Microchip Technology Inc. and its subsidiaries ("Microchip")
    15                           ; All rights reserved.
    16                           ; 
    17                           ; This software is developed by Microchip Technology Inc. and its subsidiaries ("Microch
      +                          ip").
    18                           ; 
    19                           ; Redistribution and use in source and binary forms, with or without modification, are
    20                           ; permitted provided that the following conditions are met:
    21                           ; 
    22                           ;     1. Redistributions of source code must retain the above copyright notice, this lis
      +                          t of
    23                           ;        conditions and the following disclaimer.
    24                           ; 
    25                           ;     2. Redistributions in binary form must reproduce the above copyright notice, this 
      +                          list
    26                           ;        of conditions and the following disclaimer in the documentation and/or other
    27                           ;        materials provided with the distribution. Publication is not required when
    28                           ;        this file is used in an embedded application.
    29                           ; 
    30                           ;     3. Microchip's name may not be used to endorse or promote products derived from th
      +                          is
    31                           ;        software without specific prior written permission.
    32                           ; 
    33                           ; THIS SOFTWARE IS PROVIDED BY MICROCHIP "AS IS" AND ANY EXPRESS OR IMPLIED WARRANTIES,
    34                           ; INCLUDING, BUT NOT LIMITED TO, THE IMPLIED WARRANTIES OF MERCHANTABILITY AND FITNESS F
      +                          OR
    35                           ; PURPOSE ARE DISCLAIMED.  IN NO EVENT SHALL MICROCHIP BE LIABLE FOR ANY DIRECT, INDIREC
      +                          T,
    36                           ; INCIDENTAL, SPECIAL, EXEMPLARY, OR CONSEQUENTIAL DAMAGES (INCLUDING BUT NOT LIMITED TO
    37                           ; PROCUREMENT OF SUBSTITUTE GOODS OR SERVICES; LOSS OF USE, DATA OR PROFITS; OR BUSINESS
    38                           ; INTERRUPTION) HOWSOEVER CAUSED AND ON ANY THEORY OF LIABILITY, WHETHER IN CONTRACT, ST
      +                          RICT
    39                           ; LIABILITY, OR TORT (INCLUDING NEGLIGENCE OR OTHERWISE) ARISING IN ANY WAY OUT OF THE U
      +                          SE OF
    40                           ; THIS SOFTWARE, EVEN IF ADVISED OF THE POSSIBILITY OF SUCH DAMAGE.
    41                           ; 
    42                           ; 
    43                           ; Code-generator required, PIC16F883 Definitions
    44                           ; 
    45                           ; SFR Addresses
    46     0000                     	;# 
    47     0001                     	;# 
    48     0002                     	;# 
    49     0003                     	;# 
    50     0004                     	;# 
    51     0005                     	;# 
    52     0006                     	;# 
    53     0007                     	;# 
    54     0009                     	;# 
    55     000A                     	;# 
    56     000B                     	;# 
    57     000C                     	;# 
    58     000D                     	;# 
    59     000E                     	;# 
    60     000E                     	;# 
    61     000F                     	;# 
    62     0010                     	;# 
    63     0011                     	;# 
    64     0012                     	;# 
    65     0013                     	;# 
    66     0014                     	;# 
    67     0015                     	;# 
    68     0015                     	;# 
    69     0016                     	;# 
    70     0017                     	;# 
    71     0018                     	;# 
    72     0019                     	;# 
    73     001A                     	;# 
    74     001B                     	;# 
    75     001B                     	;# 
    76     001C                     	;# 
    77     001D                     	;# 
    78     001E                     	;# 
    79     001F                     	;# 
    80     0081                     	;# 
    81     0085                     	;# 
    82     0086                     	;# 
    83     0087                     	;# 
    84     0089                     	;# 
    85     008C                     	;# 
    86     008D                     	;# 
    87     008E                     	;# 
    88     008F                     	;# 
    89     0090                     	;# 
    90     0091                     	;# 
    91     0092                     	;# 
    92     0093                     	;# 
    93     0093                     	;# 
    94     0093                     	;# 
    95     0094                     	;# 
    96     0095                     	;# 
    97     0096                     	;# 
    98     0097                     	;# 
    99     0098                     	;# 
   100     0099                     	;# 
   101     009A                     	;# 
   102     009B                     	;# 
   103     009C                     	;# 
   104     009D                     	;# 
   105     009E                     	;# 
   106     009F                     	;# 
   107     0105                     	;# 
   108     0107                     	;# 
   109     0108                     	;# 
   110     0109                     	;# 
   111     010C                     	;# 
   112     010C                     	;# 
   113     010D                     	;# 
   114     010E                     	;# 
   115     010F                     	;# 
   116     0185                     	;# 
   117     0187                     	;# 
   118     0188                     	;# 
   119     0189                     	;# 
   120     018C                     	;# 
   121     018D                     	;# 
   122     0000                     	;# 
   123     0001                     	;# 
   124     0002                     	;# 
   125     0003                     	;# 
   126     0004                     	;# 
   127     0005                     	;# 
   128     0006                     	;# 
   129     0007                     	;# 
   130     0009                     	;# 
   131     000A                     	;# 
   132     000B                     	;# 
   133     000C                     	;# 
   134     000D                     	;# 
   135     000E                     	;# 
   136     000E                     	;# 
   137     000F                     	;# 
   138     0010                     	;# 
   139     0011                     	;# 
   140     0012                     	;# 
   141     0013                     	;# 
   142     0014                     	;# 
   143     0015                     	;# 
   144     0015                     	;# 
   145     0016                     	;# 
   146     0017                     	;# 
   147     0018                     	;# 
   148     0019                     	;# 
   149     001A                     	;# 
   150     001B                     	;# 
   151     001B                     	;# 
   152     001C                     	;# 
   153     001D                     	;# 
   154     001E                     	;# 
   155     001F                     	;# 
   156     0081                     	;# 
   157     0085                     	;# 
   158     0086                     	;# 
   159     0087                     	;# 
   160     0089                     	;# 
   161     008C                     	;# 
   162     008D                     	;# 
   163     008E                     	;# 
   164     008F                     	;# 
   165     0090                     	;# 
   166     0091                     	;# 
   167     0092                     	;# 
   168     0093                     	;# 
   169     0093                     	;# 
   170     0093                     	;# 
   171     0094                     	;# 
   172     0095                     	;# 
   173     0096                     	;# 
   174     0097                     	;# 
   175     0098                     	;# 
   176     0099                     	;# 
   177     009A                     	;# 
   178     009B                     	;# 
   179     009C                     	;# 
   180     009D                     	;# 
   181     009E                     	;# 
   182     009F                     	;# 
   183     0105                     	;# 
   184     0107                     	;# 
   185     0108                     	;# 
   186     0109                     	;# 
   187     010C                     	;# 
   188     010C                     	;# 
   189     010D                     	;# 
   190     010E                     	;# 
   191     010F                     	;# 
   192     0185                     	;# 
   193     0187                     	;# 
   194     0188                     	;# 
   195     0189                     	;# 
   196     018C                     	;# 
   197     018D                     	;# 
   198     0001                     _TMR0	set	1
   199     0038                     _RC0	set	56
   200     005A                     _T0IF	set	90
   201     005E                     _PEIE	set	94
   202     005F                     _GIE	set	95
   203     005D                     _T0IE	set	93
   204     0438                     _TRISC0	set	1080
   205     040A                     _PS2	set	1034
   206     0409                     _PS1	set	1033
   207     0408                     _PS0	set	1032
   208     040B                     _PSA	set	1035
   209     040D                     _T0CS	set	1037
   210                           
   211                           	psect	cinit
   212     000D                     start_initialization:	
   213                           ; #config settings
   214                           
   215     000D                     __initialization:
   216     000D                     end_of_initialization:	
   217                           ;End of C runtime variable initialization code
   218                           
   219     000D                     __end_of__initialization:
   220     000D  0183               	clrf	3
   221     000E  118A  2810         	ljmp	_main	;jump to C main() function
   222                           
   223                           	psect	cstackCOMMON
   224     0070                     __pcstackCOMMON:
   225     0070                     ?_main:
   226     0070                     ?_ISR:	
   227                           ; 1 bytes @ 0x0
   228                           
   229     0070                     ??_ISR:	
   230                           ; 1 bytes @ 0x0
   231                           
   232                           
   233                           ; 1 bytes @ 0x0
   234     0070                     	ds	2
   235     0072                     ??_main:
   236                           
   237                           	psect	maintext
   238     0010                     __pmaintext:	
   239                           ; 1 bytes @ 0x2
   240 ;;
   241 ;;Main: autosize = 0, tempsize = 0, incstack = 0, save=0
   242 ;;
   243 ;; *************** function _main *****************
   244 ;; Defined at:
   245 ;;		line 11 in file "main.c"
   246 ;; Parameters:    Size  Location     Type
   247 ;;		None
   248 ;; Auto vars:     Size  Location     Type
   249 ;;		None
   250 ;; Return value:  Size  Location     Type
   251 ;;                  1    wreg      void 
   252 ;; Registers used:
   253 ;;		status,2
   254 ;; Tracked objects:
   255 ;;		On entry : B00/0
   256 ;;		On exit  : 0/0
   257 ;;		Unchanged: 0/0
   258 ;; Data sizes:     COMMON   BANK0   BANK1   BANK2
   259 ;;      Params:         0       0       0       0
   260 ;;      Locals:         0       0       0       0
   261 ;;      Temps:          0       0       0       0
   262 ;;      Totals:         0       0       0       0
   263 ;;Total ram usage:        0 bytes
   264 ;; Hardware stack levels required when called: 1
   265 ;; This function calls:
   266 ;;		Nothing
   267 ;; This function is called by:
   268 ;;		Startup code after reset
   269 ;; This function uses a non-reentrant model
   270 ;;
   271                           
   272     0010                     _main:	
   273                           ;psect for function _main
   274                           
   275     0010                     l582:	
   276                           ;incstack = 0
   277                           ; Regs used in _main: [status,2]
   278                           
   279                           
   280                           ;main.c: 13:     T0CS = 0;
   281     0010  1683               	bsf	3,5	;RP0=1, select bank1
   282     0011  1303               	bcf	3,6	;RP1=0, select bank1
   283     0012  1281               	bcf	1,5	;volatile
   284                           
   285                           ;main.c: 14:     PSA = 0;
   286     0013  1181               	bcf	1,3	;volatile
   287                           
   288                           ;main.c: 16:     PS0 = 1;
   289     0014  1401               	bsf	1,0	;volatile
   290                           
   291                           ;main.c: 17:     PS1 = 0;
   292     0015  1081               	bcf	1,1	;volatile
   293                           
   294                           ;main.c: 18:     PS2 = 0;
   295     0016  1101               	bcf	1,2	;volatile
   296     0017                     l584:
   297                           
   298                           ;main.c: 20:     TMR0 = 0;
   299     0017  1283               	bcf	3,5	;RP0=0, select bank0
   300     0018  1303               	bcf	3,6	;RP1=0, select bank0
   301     0019  0181               	clrf	1	;volatile
   302     001A                     l586:
   303                           
   304                           ;main.c: 22:     TRISC0 = 0;
   305     001A  1683               	bsf	3,5	;RP0=1, select bank1
   306     001B  1303               	bcf	3,6	;RP1=0, select bank1
   307     001C  1007               	bcf	7,0	;volatile
   308     001D                     l588:
   309                           
   310                           ;main.c: 24:     T0IE = 1;
   311     001D  168B               	bsf	11,5	;volatile
   312     001E                     l590:
   313                           
   314                           ;main.c: 25:     GIE = 1;
   315     001E  178B               	bsf	11,7	;volatile
   316     001F                     l592:
   317                           
   318                           ;main.c: 26:     PEIE = 1;
   319     001F  170B               	bsf	11,6	;volatile
   320     0020                     l29:	
   321                           ;main.c: 27:     while(1){
   322                           
   323     0020                     l30:	
   324                           ;main.c: 29:     }
   325                           
   326     0020  2820               	goto	l29
   327     0021  118A  280B         	ljmp	start
   328     0023                     __end_of_main:
   329                           
   330                           	psect	text1
   331     0023                     __ptext1:	
   332 ;; *************** function _ISR *****************
   333 ;; Defined at:
   334 ;;		line 33 in file "main.c"
   335 ;; Parameters:    Size  Location     Type
   336 ;;		None
   337 ;; Auto vars:     Size  Location     Type
   338 ;;		None
   339 ;; Return value:  Size  Location     Type
   340 ;;                  1    wreg      void 
   341 ;; Registers used:
   342 ;;		wreg, status,2
   343 ;; Tracked objects:
   344 ;;		On entry : 0/0
   345 ;;		On exit  : 0/0
   346 ;;		Unchanged: 0/0
   347 ;; Data sizes:     COMMON   BANK0   BANK1   BANK2
   348 ;;      Params:         0       0       0       0
   349 ;;      Locals:         0       0       0       0
   350 ;;      Temps:          2       0       0       0
   351 ;;      Totals:         2       0       0       0
   352 ;;Total ram usage:        2 bytes
   353 ;; Hardware stack levels used: 1
   354 ;; This function calls:
   355 ;;		Nothing
   356 ;; This function is called by:
   357 ;;		Interrupt level 1
   358 ;; This function uses a non-reentrant model
   359 ;;
   360                           
   361     0023                     _ISR:	
   362                           ;psect for function _ISR
   363                           
   364     0023                     i1l594:
   365                           
   366                           ;main.c: 34:     if(T0IF){
   367     0023  1D0B               	btfss	11,2	;volatile
   368     0024  2826               	goto	u1_21
   369     0025  2827               	goto	u1_20
   370     0026                     u1_21:
   371     0026  282D               	goto	i1l38
   372     0027                     u1_20:
   373     0027                     i1l596:
   374                           
   375                           ;main.c: 35:         RC0 = !RC0;
   376     0027  3001               	movlw	1
   377     0028  1283               	bcf	3,5	;RP0=0, select bank0
   378     0029  1303               	bcf	3,6	;RP1=0, select bank0
   379     002A  0687               	xorwf	7,f
   380     002B                     i1l598:
   381                           
   382                           ;main.c: 36:         TMR0 = 0;
   383     002B  0181               	clrf	1	;volatile
   384     002C                     i1l600:
   385                           
   386                           ;main.c: 37:         T0IF = 0;
   387     002C  110B               	bcf	11,2	;volatile
   388     002D                     i1l38:
   389     002D  0871               	movf	??_ISR+1,w
   390     002E  008A               	movwf	10
   391     002F  0E70               	swapf	??_ISR,w
   392     0030  0083               	movwf	3
   393     0031  0EFE               	swapf	btemp,f
   394     0032  0E7E               	swapf	btemp,w
   395     0033  0009               	retfie
   396     0034                     __end_of_ISR:
   397     007E                     btemp	set	126	;btemp
   398     007E                     wtemp0	set	126
   399                           
   400                           	psect	intentry
   401     0004                     __pintentry:	
   402                           ;incstack = 0
   403                           ; Regs used in _ISR: [wreg+status,2]
   404                           
   405     0004                     interrupt_function:
   406     007E                     saved_w	set	btemp
   407     0004  00FE               	movwf	btemp
   408     0005  0E03               	swapf	3,w
   409     0006  00F0               	movwf	??_ISR
   410     0007  080A               	movf	10,w
   411     0008  00F1               	movwf	??_ISR+1
   412     0009  118A  2823         	ljmp	_ISR
   413                           
   414                           	psect	config
   415                           
   416                           ;Config register CONFIG1 @ 0x2007
   417                           ;	Oscillator Selection bits
   418                           ;	FOSC = INTRC_NOCLKOUT, INTOSCIO oscillator: I/O function on RA6/OSC2/CLKOUT pin, I/O f
      +                          unction on RA7/OSC1/CLKIN
   419                           ;	Watchdog Timer Enable bit
   420                           ;	WDTE = OFF, WDT disabled and can be enabled by SWDTEN bit of the WDTCON register
   421                           ;	Power-up Timer Enable bit
   422                           ;	PWRTE = OFF, PWRT disabled
   423                           ;	RE3/MCLR pin function select bit
   424                           ;	MCLRE = OFF, RE3/MCLR pin function is digital input, MCLR internally tied to VDD
   425                           ;	Code Protection bit
   426                           ;	CP = OFF, Program memory code protection is disabled
   427                           ;	Data Code Protection bit
   428                           ;	CPD = OFF, Data memory code protection is disabled
   429                           ;	Brown Out Reset Selection bits
   430                           ;	BOREN = OFF, BOR disabled
   431                           ;	Internal External Switchover bit
   432                           ;	IESO = OFF, Internal/External Switchover mode is disabled
   433                           ;	Fail-Safe Clock Monitor Enabled bit
   434                           ;	FCMEN = OFF, Fail-Safe Clock Monitor is disabled
   435                           ;	Low Voltage Programming Enable bit
   436                           ;	LVP = OFF, RB3 pin has digital I/O, HV on MCLR must be used for programming
   437                           ;	In-Circuit Debugger Mode bit
   438                           ;	DEBUG = 0x1, unprogrammed default
   439     2007                     	org	8199
   440     2007  20D4               	dw	8404
   441                           
   442                           ;Config register CONFIG2 @ 0x2008
   443                           ;	Brown-out Reset Selection bit
   444                           ;	BOR4V = BOR40V, Brown-out Reset set to 4.0V
   445                           ;	Flash Program Memory Self Write Enable bits
   446                           ;	WRT = OFF, Write protection off
   447     2008                     	org	8200
   448     2008  3FFF               	dw	16383

Data Sizes:
    Strings     0
    Constant    0
    Data        0
    BSS         0
    Persistent  0
    Stack       0

Auto Spaces:
    Space          Size  Autos    Used
    COMMON           14      2       2
    BANK0            80      0       0
    BANK1            80      0       0
    BANK2            80      0       0

Pointer List with Targets:

    None.

Critical Paths under _main in COMMON

    None.

Critical Paths under _ISR in COMMON

    None.

Critical Paths under _main in BANK0

    None.

Critical Paths under _ISR in BANK0

    None.

Critical Paths under _main in BANK1

    None.

Critical Paths under _ISR in BANK1

    None.

Critical Paths under _main in BANK2

    None.

Critical Paths under _ISR in BANK2

    None.

Call Graph Tables:

 ---------------------------------------------------------------------------------
 (Depth) Function   	        Calls       Base Space   Used Autos Params    Refs
 ---------------------------------------------------------------------------------
 (0) _main                                                 0     0      0       0
 ---------------------------------------------------------------------------------
 Estimated maximum stack depth 0
 ---------------------------------------------------------------------------------
 (Depth) Function   	        Calls       Base Space   Used Autos Params    Refs
 ---------------------------------------------------------------------------------
 (1) _ISR                                                  2     2      0       0
                                              0 COMMON     2     2      0
 ---------------------------------------------------------------------------------
 Estimated maximum stack depth 1
 ---------------------------------------------------------------------------------

 Call Graph Graphs:

 _main (ROOT)

 _ISR (ROOT)

 Address spaces:
Name               Size   Autos  Total    Cost      Usage
BITCOMMON            E      0       0       0        0.0%
EEDATA             100      0       0       0        0.0%
NULL                 0      0       0       0        0.0%
CODE                 0      0       0       0        0.0%
COMMON               E      2       2       1       14.3%
BITSFR0              0      0       0       1        0.0%
SFR0                 0      0       0       1        0.0%
BITSFR1              0      0       0       2        0.0%
SFR1                 0      0       0       2        0.0%
STACK                0      0       0       2        0.0%
BANK0               50      0       0       3        0.0%
BITBANK1            50      0       0       4        0.0%
BITSFR3              0      0       0       4        0.0%
SFR3                 0      0       0       4        0.0%
BANK1               50      0       0       5        0.0%
BITSFR2              0      0       0       5        0.0%
SFR2                 0      0       0       5        0.0%
BITBANK2            50      0       0       6        0.0%
BANK2               50      0       0       7        0.0%
ABS                  0      0       0       8        0.0%
BITBANK0            50      0       0       9        0.0%
DATA                 0      0       0      10        0.0%


Microchip Technology PIC Macro Assembler V2.45 build 20230818022343 
Symbol Table                                                                                   Fri Mar 01 08:15:03 2024

                     l30 0020                       l29 0020                      l590 001E  
                    l582 0010                      l592 001F                      l584 0017  
                    l586 001A                      l588 001D                      _GIE 005F  
                    _RC0 0038                      _PS0 0408                      _PS1 0409  
                    _PS2 040A                      _ISR 0023                      _PSA 040B  
                   ?_ISR 0070                     _T0IE 005D                     _T0IF 005A  
                   _T0CS 040D                     _PEIE 005E                     i1l38 002D  
                   _TMR0 0001                     u1_20 0027                     u1_21 0026  
                   _main 0010                     btemp 007E                     start 000B  
                  ??_ISR 0070                    ?_main 0070                    i1l600 002C  
                  i1l594 0023                    i1l596 0027                    i1l598 002B  
                  pclath 000A                    status 0003                    wtemp0 007E  
        __initialization 000D             __end_of_main 0023                   ??_main 0072  
                 _TRISC0 0438                   saved_w 007E  __end_of__initialization 000D  
         __pcstackCOMMON 0070               __pmaintext 0010               __pintentry 0004  
                __ptext1 0023     end_of_initialization 000D      start_initialization 000D  
            __end_of_ISR 0034                ___latbits 0001        interrupt_function 0004  
               intlevel1 0000  
