

Microchip MPLAB XC8 Assembler V2.45 build 20230818022343 
                                                                                               Fri Feb 23 19:22:39 2024

Microchip MPLAB XC8 C Compiler v2.45 (Free license) build 20230818022343 Og1 
     1                           	processor	16F883
     2                           	pagewidth 120
     3                           	opt	flic
     4                           	psect	cinit,global,class=CODE,merge=1,delta=2
     5                           	psect	cstackCOMMON,global,class=COMMON,space=1,delta=1,noexec
     6                           	psect	maintext,global,class=CODE,split=1,delta=2
     7                           	dabs	1,0x7E,2
     8     0000                     
     9                           ; Generated 22/03/2023 GMT
    10                           ; 
    11                           ; Copyright © 2023, Microchip Technology Inc. and its subsidiaries ("Microchip")
    12                           ; All rights reserved.
    13                           ; 
    14                           ; This software is developed by Microchip Technology Inc. and its subsidiaries ("Microch
      +                          ip").
    15                           ; 
    16                           ; Redistribution and use in source and binary forms, with or without modification, are
    17                           ; permitted provided that the following conditions are met:
    18                           ; 
    19                           ;     1. Redistributions of source code must retain the above copyright notice, this lis
      +                          t of
    20                           ;        conditions and the following disclaimer.
    21                           ; 
    22                           ;     2. Redistributions in binary form must reproduce the above copyright notice, this 
      +                          list
    23                           ;        of conditions and the following disclaimer in the documentation and/or other
    24                           ;        materials provided with the distribution. Publication is not required when
    25                           ;        this file is used in an embedded application.
    26                           ; 
    27                           ;     3. Microchip's name may not be used to endorse or promote products derived from th
      +                          is
    28                           ;        software without specific prior written permission.
    29                           ; 
    30                           ; THIS SOFTWARE IS PROVIDED BY MICROCHIP "AS IS" AND ANY EXPRESS OR IMPLIED WARRANTIES,
    31                           ; INCLUDING, BUT NOT LIMITED TO, THE IMPLIED WARRANTIES OF MERCHANTABILITY AND FITNESS F
      +                          OR
    32                           ; PURPOSE ARE DISCLAIMED.  IN NO EVENT SHALL MICROCHIP BE LIABLE FOR ANY DIRECT, INDIREC
      +                          T,
    33                           ; INCIDENTAL, SPECIAL, EXEMPLARY, OR CONSEQUENTIAL DAMAGES (INCLUDING BUT NOT LIMITED TO
    34                           ; PROCUREMENT OF SUBSTITUTE GOODS OR SERVICES; LOSS OF USE, DATA OR PROFITS; OR BUSINESS
    35                           ; INTERRUPTION) HOWSOEVER CAUSED AND ON ANY THEORY OF LIABILITY, WHETHER IN CONTRACT, ST
      +                          RICT
    36                           ; LIABILITY, OR TORT (INCLUDING NEGLIGENCE OR OTHERWISE) ARISING IN ANY WAY OUT OF THE U
      +                          SE OF
    37                           ; THIS SOFTWARE, EVEN IF ADVISED OF THE POSSIBILITY OF SUCH DAMAGE.
    38                           ; 
    39                           ; 
    40                           ; Code-generator required, PIC16F883 Definitions
    41                           ; 
    42                           ; SFR Addresses
    43     0000                     	;# 
    44     0001                     	;# 
    45     0002                     	;# 
    46     0003                     	;# 
    47     0004                     	;# 
    48     0005                     	;# 
    49     0006                     	;# 
    50     0007                     	;# 
    51     0009                     	;# 
    52     000A                     	;# 
    53     000B                     	;# 
    54     000C                     	;# 
    55     000D                     	;# 
    56     000E                     	;# 
    57     000E                     	;# 
    58     000F                     	;# 
    59     0010                     	;# 
    60     0011                     	;# 
    61     0012                     	;# 
    62     0013                     	;# 
    63     0014                     	;# 
    64     0015                     	;# 
    65     0015                     	;# 
    66     0016                     	;# 
    67     0017                     	;# 
    68     0018                     	;# 
    69     0019                     	;# 
    70     001A                     	;# 
    71     001B                     	;# 
    72     001B                     	;# 
    73     001C                     	;# 
    74     001D                     	;# 
    75     001E                     	;# 
    76     001F                     	;# 
    77     0081                     	;# 
    78     0085                     	;# 
    79     0086                     	;# 
    80     0087                     	;# 
    81     0089                     	;# 
    82     008C                     	;# 
    83     008D                     	;# 
    84     008E                     	;# 
    85     008F                     	;# 
    86     0090                     	;# 
    87     0091                     	;# 
    88     0092                     	;# 
    89     0093                     	;# 
    90     0093                     	;# 
    91     0093                     	;# 
    92     0094                     	;# 
    93     0095                     	;# 
    94     0096                     	;# 
    95     0097                     	;# 
    96     0098                     	;# 
    97     0099                     	;# 
    98     009A                     	;# 
    99     009B                     	;# 
   100     009C                     	;# 
   101     009D                     	;# 
   102     009E                     	;# 
   103     009F                     	;# 
   104     0105                     	;# 
   105     0107                     	;# 
   106     0108                     	;# 
   107     0109                     	;# 
   108     010C                     	;# 
   109     010C                     	;# 
   110     010D                     	;# 
   111     010E                     	;# 
   112     010F                     	;# 
   113     0185                     	;# 
   114     0187                     	;# 
   115     0188                     	;# 
   116     0189                     	;# 
   117     018C                     	;# 
   118     018D                     	;# 
   119                           
   120                           	psect	cinit
   121     07FD                     start_initialization:	
   122                           ; #config settings
   123                           
   124     07FD                     __initialization:
   125     07FD                     end_of_initialization:	
   126                           ;End of C runtime variable initialization code
   127                           
   128     07FD                     __end_of__initialization:
   129     07FD  0183               	clrf	3
   130     07FE  118A  2FFB         	ljmp	_main	;jump to C main() function
   131                           
   132                           	psect	cstackCOMMON
   133     0070                     __pcstackCOMMON:
   134     0070                     ?_main:
   135     0070                     main@argc:	
   136                           ; 2 bytes @ 0x0
   137                           
   138                           
   139                           ; 2 bytes @ 0x0
   140     0070                     	ds	2
   141     0072                     main@argv:
   142                           
   143                           ; 2 bytes @ 0x2
   144     0072                     	ds	2
   145     0074                     ??_main:
   146                           
   147                           	psect	maintext
   148     07FB                     __pmaintext:	
   149                           ; 1 bytes @ 0x4
   150 ;;
   151 ;;Main: autosize = 0, tempsize = 0, incstack = 0, save=0
   152 ;;
   153 ;; *************** function _main *****************
   154 ;; Defined at:
   155 ;;		line 14 in file "main.c"
   156 ;; Parameters:    Size  Location     Type
   157 ;;  argc            2    0[COMMON] int 
   158 ;;  argv            2    2[COMMON] PTR PTR unsigned char 
   159 ;; Auto vars:     Size  Location     Type
   160 ;;		None
   161 ;; Return value:  Size  Location     Type
   162 ;;                  2    0[COMMON] int 
   163 ;; Registers used:
   164 ;;		None
   165 ;; Tracked objects:
   166 ;;		On entry : B00/0
   167 ;;		On exit  : 0/0
   168 ;;		Unchanged: 0/0
   169 ;; Data sizes:     COMMON   BANK0   BANK1   BANK2
   170 ;;      Params:         4       0       0       0
   171 ;;      Locals:         0       0       0       0
   172 ;;      Temps:          0       0       0       0
   173 ;;      Totals:         4       0       0       0
   174 ;;Total ram usage:        4 bytes
   175 ;; This function calls:
   176 ;;		Nothing
   177 ;; This function is called by:
   178 ;;		Startup code after reset
   179 ;; This function uses a non-reentrant model
   180 ;;
   181                           
   182     07FB                     _main:	
   183                           ;psect for function _main
   184                           
   185     07FB                     l551:	
   186                           ;incstack = 0
   187                           ; Regs used in _main: []
   188                           
   189     07FB                     l5:	
   190                           ;main.c: 16:     return (0);;	Return value of _main is never used
   191                           
   192     07FB  118A  2800         	ljmp	start
   193     07FD                     __end_of_main:
   194     007E                     btemp	set	126	;btemp
   195     007E                     wtemp0	set	126

Data Sizes:
    Strings     0
    Constant    0
    Data        0
    BSS         0
    Persistent  0
    Stack       0

Auto Spaces:
    Space          Size  Autos    Used
    COMMON           14      4       4
    BANK0            80      0       0
    BANK1            80      0       0
    BANK2            80      0       0

Pointer List with Targets:

    None.

Critical Paths under _main in COMMON

    None.

Critical Paths under _main in BANK0

    None.

Critical Paths under _main in BANK1

    None.

Critical Paths under _main in BANK2

    None.

Call Graph Tables:

 ---------------------------------------------------------------------------------
 (Depth) Function   	        Calls       Base Space   Used Autos Params    Refs
 ---------------------------------------------------------------------------------
 (0) _main                                                 4     0      4       0
                                              0 COMMON     4     0      4
 ---------------------------------------------------------------------------------
 Estimated maximum stack depth 0
 ---------------------------------------------------------------------------------

 Call Graph Graphs:

 _main (ROOT)

 Address spaces:
Name               Size   Autos  Total    Cost      Usage
BITCOMMON            E      0       0       0        0.0%
EEDATA             100      0       0       0        0.0%
NULL                 0      0       0       0        0.0%
CODE                 0      0       0       0        0.0%
COMMON               E      4       4       1       28.6%
BITSFR0              0      0       0       1        0.0%
SFR0                 0      0       0       1        0.0%
BITSFR1              0      0       0       2        0.0%
SFR1                 0      0       0       2        0.0%
STACK                0      0       0       2        0.0%
BANK0               50      0       0       3        0.0%
BITBANK1            50      0       0       4        0.0%
BITSFR3              0      0       0       4        0.0%
SFR3                 0      0       0       4        0.0%
BANK1               50      0       0       5        0.0%
BITSFR2              0      0       0       5        0.0%
SFR2                 0      0       0       5        0.0%
BITBANK2            50      0       0       6        0.0%
BANK2               50      0       0       7        0.0%
ABS                  0      0       0       8        0.0%
BITBANK0            50      0       0       9        0.0%
DATA                 0      0       0      10        0.0%


Microchip Technology PIC Macro Assembler V2.45 build 20230818022343 
Symbol Table                                                                                   Fri Feb 23 19:22:39 2024

                      l5 07FB                      l551 07FB                     _main 07FB  
                   btemp 007E                     start 0000                    ?_main 0070  
                  status 0003                    wtemp0 007E          __initialization 07FD  
           __end_of_main 07FD                   ??_main 0074  __end_of__initialization 07FD  
         __pcstackCOMMON 0070               __pmaintext 07FB     end_of_initialization 07FD  
    start_initialization 07FD                ___latbits 0001                 main@argc 0070  
               main@argv 0072  
