

Microchip MPLAB XC8 Assembler V2.45 build 20230818022343 
                                                                                               Fri Mar 01 09:29:35 2024

Microchip MPLAB XC8 C Compiler v2.45 (Free license) build 20230818022343 Og1 
     1                           	processor	16F883
     2                           	pagewidth 120
     3                           	opt	flic
     4                           	psect	cinit,global,class=CODE,merge=1,delta=2
     5                           	psect	cstackCOMMON,global,class=COMMON,space=1,delta=1,noexec
     6                           	psect	maintext,global,class=CODE,split=1,delta=2
     7                           	psect	text1,local,class=CODE,merge=1,delta=2
     8                           	psect	intentry,global,class=CODE,delta=2
     9                           	psect	config,global,abs,ovrld,class=CONFIG,space=4,delta=2,noexec
    10                           	dabs	1,0x7E,2
    11     0000                     
    12                           ; Generated 22/03/2023 GMT
    13                           ; 
    14                           ; Copyright © 2023, Microchip Technology Inc. and its subsidiaries ("Microchip")
    15                           ; All rights reserved.
    16                           ; 
    17                           ; This software is developed by Microchip Technology Inc. and its subsidiaries ("Microch
      +                          ip").
    18                           ; 
    19                           ; Redistribution and use in source and binary forms, with or without modification, are
    20                           ; permitted provided that the following conditions are met:
    21                           ; 
    22                           ;     1. Redistributions of source code must retain the above copyright notice, this lis
      +                          t of
    23                           ;        conditions and the following disclaimer.
    24                           ; 
    25                           ;     2. Redistributions in binary form must reproduce the above copyright notice, this 
      +                          list
    26                           ;        of conditions and the following disclaimer in the documentation and/or other
    27                           ;        materials provided with the distribution. Publication is not required when
    28                           ;        this file is used in an embedded application.
    29                           ; 
    30                           ;     3. Microchip's name may not be used to endorse or promote products derived from th
      +                          is
    31                           ;        software without specific prior written permission.
    32                           ; 
    33                           ; THIS SOFTWARE IS PROVIDED BY MICROCHIP "AS IS" AND ANY EXPRESS OR IMPLIED WARRANTIES,
    34                           ; INCLUDING, BUT NOT LIMITED TO, THE IMPLIED WARRANTIES OF MERCHANTABILITY AND FITNESS F
      +                          OR
    35                           ; PURPOSE ARE DISCLAIMED.  IN NO EVENT SHALL MICROCHIP BE LIABLE FOR ANY DIRECT, INDIREC
      +                          T,
    36                           ; INCIDENTAL, SPECIAL, EXEMPLARY, OR CONSEQUENTIAL DAMAGES (INCLUDING BUT NOT LIMITED TO
    37                           ; PROCUREMENT OF SUBSTITUTE GOODS OR SERVICES; LOSS OF USE, DATA OR PROFITS; OR BUSINESS
    38                           ; INTERRUPTION) HOWSOEVER CAUSED AND ON ANY THEORY OF LIABILITY, WHETHER IN CONTRACT, ST
      +                          RICT
    39                           ; LIABILITY, OR TORT (INCLUDING NEGLIGENCE OR OTHERWISE) ARISING IN ANY WAY OUT OF THE U
      +                          SE OF
    40                           ; THIS SOFTWARE, EVEN IF ADVISED OF THE POSSIBILITY OF SUCH DAMAGE.
    41                           ; 
    42                           ; 
    43                           ; Code-generator required, PIC16F883 Definitions
    44                           ; 
    45                           ; SFR Addresses
    46     0000                     	;# 
    47     0001                     	;# 
    48     0002                     	;# 
    49     0003                     	;# 
    50     0004                     	;# 
    51     0005                     	;# 
    52     0006                     	;# 
    53     0007                     	;# 
    54     0009                     	;# 
    55     000A                     	;# 
    56     000B                     	;# 
    57     000C                     	;# 
    58     000D                     	;# 
    59     000E                     	;# 
    60     000E                     	;# 
    61     000F                     	;# 
    62     0010                     	;# 
    63     0011                     	;# 
    64     0012                     	;# 
    65     0013                     	;# 
    66     0014                     	;# 
    67     0015                     	;# 
    68     0015                     	;# 
    69     0016                     	;# 
    70     0017                     	;# 
    71     0018                     	;# 
    72     0019                     	;# 
    73     001A                     	;# 
    74     001B                     	;# 
    75     001B                     	;# 
    76     001C                     	;# 
    77     001D                     	;# 
    78     001E                     	;# 
    79     001F                     	;# 
    80     0081                     	;# 
    81     0085                     	;# 
    82     0086                     	;# 
    83     0087                     	;# 
    84     0089                     	;# 
    85     008C                     	;# 
    86     008D                     	;# 
    87     008E                     	;# 
    88     008F                     	;# 
    89     0090                     	;# 
    90     0091                     	;# 
    91     0092                     	;# 
    92     0093                     	;# 
    93     0093                     	;# 
    94     0093                     	;# 
    95     0094                     	;# 
    96     0095                     	;# 
    97     0096                     	;# 
    98     0097                     	;# 
    99     0098                     	;# 
   100     0099                     	;# 
   101     009A                     	;# 
   102     009B                     	;# 
   103     009C                     	;# 
   104     009D                     	;# 
   105     009E                     	;# 
   106     009F                     	;# 
   107     0105                     	;# 
   108     0107                     	;# 
   109     0108                     	;# 
   110     0109                     	;# 
   111     010C                     	;# 
   112     010C                     	;# 
   113     010D                     	;# 
   114     010E                     	;# 
   115     010F                     	;# 
   116     0185                     	;# 
   117     0187                     	;# 
   118     0188                     	;# 
   119     0189                     	;# 
   120     018C                     	;# 
   121     018D                     	;# 
   122     0000                     	;# 
   123     0001                     	;# 
   124     0002                     	;# 
   125     0003                     	;# 
   126     0004                     	;# 
   127     0005                     	;# 
   128     0006                     	;# 
   129     0007                     	;# 
   130     0009                     	;# 
   131     000A                     	;# 
   132     000B                     	;# 
   133     000C                     	;# 
   134     000D                     	;# 
   135     000E                     	;# 
   136     000E                     	;# 
   137     000F                     	;# 
   138     0010                     	;# 
   139     0011                     	;# 
   140     0012                     	;# 
   141     0013                     	;# 
   142     0014                     	;# 
   143     0015                     	;# 
   144     0015                     	;# 
   145     0016                     	;# 
   146     0017                     	;# 
   147     0018                     	;# 
   148     0019                     	;# 
   149     001A                     	;# 
   150     001B                     	;# 
   151     001B                     	;# 
   152     001C                     	;# 
   153     001D                     	;# 
   154     001E                     	;# 
   155     001F                     	;# 
   156     0081                     	;# 
   157     0085                     	;# 
   158     0086                     	;# 
   159     0087                     	;# 
   160     0089                     	;# 
   161     008C                     	;# 
   162     008D                     	;# 
   163     008E                     	;# 
   164     008F                     	;# 
   165     0090                     	;# 
   166     0091                     	;# 
   167     0092                     	;# 
   168     0093                     	;# 
   169     0093                     	;# 
   170     0093                     	;# 
   171     0094                     	;# 
   172     0095                     	;# 
   173     0096                     	;# 
   174     0097                     	;# 
   175     0098                     	;# 
   176     0099                     	;# 
   177     009A                     	;# 
   178     009B                     	;# 
   179     009C                     	;# 
   180     009D                     	;# 
   181     009E                     	;# 
   182     009F                     	;# 
   183     0105                     	;# 
   184     0107                     	;# 
   185     0108                     	;# 
   186     0109                     	;# 
   187     010C                     	;# 
   188     010C                     	;# 
   189     010D                     	;# 
   190     010E                     	;# 
   191     010F                     	;# 
   192     0185                     	;# 
   193     0187                     	;# 
   194     0188                     	;# 
   195     0189                     	;# 
   196     018C                     	;# 
   197     018D                     	;# 
   198     0015                     _CCPR1	set	21
   199     000E                     _TMR1	set	14
   200     0038                     _RC0	set	56
   201     0062                     _CCP1IF	set	98
   202     005F                     _GIE	set	95
   203     005E                     _PEIE	set	94
   204     00B8                     _CCP1M0	set	184
   205     00B9                     _CCP1M1	set	185
   206     00BA                     _CCP1M2	set	186
   207     00BB                     _CCP1M3	set	187
   208     0080                     _TMR1ON	set	128
   209     0082                     _T1SYNC	set	130
   210     0084                     _T1CKPS0	set	132
   211     0085                     _T1CKPS1	set	133
   212     0081                     _TMR1CS	set	129
   213     0462                     _CCP1IE	set	1122
   214     0438                     _TRISC0	set	1080
   215                           
   216                           	psect	cinit
   217     000D                     start_initialization:	
   218                           ; #config settings
   219                           
   220     000D                     __initialization:
   221     000D                     end_of_initialization:	
   222                           ;End of C runtime variable initialization code
   223                           
   224     000D                     __end_of__initialization:
   225     000D  0183               	clrf	3
   226     000E  118A  2810         	ljmp	_main	;jump to C main() function
   227                           
   228                           	psect	cstackCOMMON
   229     0070                     __pcstackCOMMON:
   230     0070                     ?_main:
   231     0070                     ?_ISR:	
   232                           ; 1 bytes @ 0x0
   233                           
   234     0070                     ??_ISR:	
   235                           ; 1 bytes @ 0x0
   236                           
   237                           
   238                           ; 1 bytes @ 0x0
   239     0070                     	ds	2
   240     0072                     ??_main:
   241                           
   242                           	psect	maintext
   243     0010                     __pmaintext:	
   244                           ; 1 bytes @ 0x2
   245 ;;
   246 ;;Main: autosize = 0, tempsize = 0, incstack = 0, save=0
   247 ;;
   248 ;; *************** function _main *****************
   249 ;; Defined at:
   250 ;;		line 9 in file "main.c"
   251 ;; Parameters:    Size  Location     Type
   252 ;;		None
   253 ;; Auto vars:     Size  Location     Type
   254 ;;		None
   255 ;; Return value:  Size  Location     Type
   256 ;;                  1    wreg      void 
   257 ;; Registers used:
   258 ;;		status,2
   259 ;; Tracked objects:
   260 ;;		On entry : B00/0
   261 ;;		On exit  : 0/0
   262 ;;		Unchanged: 0/0
   263 ;; Data sizes:     COMMON   BANK0   BANK1   BANK2
   264 ;;      Params:         0       0       0       0
   265 ;;      Locals:         0       0       0       0
   266 ;;      Temps:          0       0       0       0
   267 ;;      Totals:         0       0       0       0
   268 ;;Total ram usage:        0 bytes
   269 ;; Hardware stack levels required when called: 1
   270 ;; This function calls:
   271 ;;		Nothing
   272 ;; This function is called by:
   273 ;;		Startup code after reset
   274 ;; This function uses a non-reentrant model
   275 ;;
   276                           
   277     0010                     _main:	
   278                           ;psect for function _main
   279                           
   280     0010                     l592:	
   281                           ;incstack = 0
   282                           ; Regs used in _main: [status,2]
   283                           
   284                           
   285                           ;main.c: 10:     TRISC0 = 0;
   286     0010  1683               	bsf	3,5	;RP0=1, select bank1
   287     0011  1303               	bcf	3,6	;RP1=0, select bank1
   288     0012  1007               	bcf	7,0	;volatile
   289                           
   290                           ;main.c: 12:     TMR1CS = 0;
   291     0013  1283               	bcf	3,5	;RP0=0, select bank0
   292     0014  1303               	bcf	3,6	;RP1=0, select bank0
   293     0015  1090               	bcf	16,1	;volatile
   294                           
   295                           ;main.c: 13:     T1CKPS1 = 0;
   296     0016  1290               	bcf	16,5	;volatile
   297                           
   298                           ;main.c: 14:     T1CKPS0 = 0;
   299     0017  1210               	bcf	16,4	;volatile
   300                           
   301                           ;main.c: 15:     T1SYNC = 1;
   302     0018  1510               	bsf	16,2	;volatile
   303     0019                     l594:
   304                           
   305                           ;main.c: 16:     TMR1 = 0;
   306     0019  018E               	clrf	14	;volatile
   307     001A  018F               	clrf	15	;volatile
   308     001B                     l596:
   309                           
   310                           ;main.c: 17:     TMR1ON = 1;
   311     001B  1410               	bsf	16,0	;volatile
   312     001C                     l598:
   313                           
   314                           ;main.c: 19:     CCP1M3 = 1;
   315     001C  1597               	bsf	23,3	;volatile
   316     001D                     l600:
   317                           
   318                           ;main.c: 20:     CCP1M2 = 0;
   319     001D  1117               	bcf	23,2	;volatile
   320     001E                     l602:
   321                           
   322                           ;main.c: 21:     CCP1M1 = 1;
   323     001E  1497               	bsf	23,1	;volatile
   324     001F                     l604:
   325                           
   326                           ;main.c: 22:     CCP1M0 = 1;
   327     001F  1417               	bsf	23,0	;volatile
   328     0020                     l606:
   329                           
   330                           ;main.c: 23:     CCPR1 = 50000;
   331     0020  30C3               	movlw	195
   332     0021  0096               	movwf	22	;volatile
   333     0022  3050               	movlw	80
   334     0023  0095               	movwf	21	;volatile
   335     0024                     l608:
   336                           
   337                           ;main.c: 25:     CCP1IE = 1;
   338     0024  1683               	bsf	3,5	;RP0=1, select bank1
   339     0025  1303               	bcf	3,6	;RP1=0, select bank1
   340     0026  150C               	bsf	12,2	;volatile
   341     0027                     l610:
   342                           
   343                           ;main.c: 26:     PEIE = 1;
   344     0027  170B               	bsf	11,6	;volatile
   345     0028                     l612:
   346                           
   347                           ;main.c: 27:     GIE = 1;
   348     0028  178B               	bsf	11,7	;volatile
   349     0029                     l39:	
   350                           ;main.c: 29:     while(1){
   351                           
   352     0029                     l40:	
   353                           ;main.c: 31:     }
   354                           
   355     0029  2829               	goto	l39
   356     002A  118A  280B         	ljmp	start
   357     002C                     __end_of_main:
   358                           
   359                           	psect	text1
   360     002C                     __ptext1:	
   361 ;; *************** function _ISR *****************
   362 ;; Defined at:
   363 ;;		line 34 in file "main.c"
   364 ;; Parameters:    Size  Location     Type
   365 ;;		None
   366 ;; Auto vars:     Size  Location     Type
   367 ;;		None
   368 ;; Return value:  Size  Location     Type
   369 ;;                  1    wreg      void 
   370 ;; Registers used:
   371 ;;		wreg
   372 ;; Tracked objects:
   373 ;;		On entry : 0/0
   374 ;;		On exit  : 0/0
   375 ;;		Unchanged: 0/0
   376 ;; Data sizes:     COMMON   BANK0   BANK1   BANK2
   377 ;;      Params:         0       0       0       0
   378 ;;      Locals:         0       0       0       0
   379 ;;      Temps:          2       0       0       0
   380 ;;      Totals:         2       0       0       0
   381 ;;Total ram usage:        2 bytes
   382 ;; Hardware stack levels used: 1
   383 ;; This function calls:
   384 ;;		Nothing
   385 ;; This function is called by:
   386 ;;		Interrupt level 1
   387 ;; This function uses a non-reentrant model
   388 ;;
   389                           
   390     002C                     _ISR:	
   391                           ;psect for function _ISR
   392                           
   393     002C                     i1l614:
   394                           
   395                           ;main.c: 35:     if(CCP1IF){
   396     002C  1283               	bcf	3,5	;RP0=0, select bank0
   397     002D  1303               	bcf	3,6	;RP1=0, select bank0
   398     002E  1D0C               	btfss	12,2	;volatile
   399     002F  2831               	goto	u1_21
   400     0030  2832               	goto	u1_20
   401     0031                     u1_21:
   402     0031  2835               	goto	i1l48
   403     0032                     u1_20:
   404     0032                     i1l616:
   405                           
   406                           ;main.c: 36:         RC0 = !RC0;
   407     0032  3001               	movlw	1
   408     0033  0687               	xorwf	7,f
   409     0034                     i1l618:
   410                           
   411                           ;main.c: 37:         CCP1IF = 0;
   412     0034  110C               	bcf	12,2	;volatile
   413     0035                     i1l48:
   414     0035  0871               	movf	??_ISR+1,w
   415     0036  008A               	movwf	10
   416     0037  0E70               	swapf	??_ISR,w
   417     0038  0083               	movwf	3
   418     0039  0EFE               	swapf	btemp,f
   419     003A  0E7E               	swapf	btemp,w
   420     003B  0009               	retfie
   421     003C                     __end_of_ISR:
   422     007E                     btemp	set	126	;btemp
   423     007E                     wtemp0	set	126
   424                           
   425                           	psect	intentry
   426     0004                     __pintentry:	
   427                           ;incstack = 0
   428                           ; Regs used in _ISR: [wreg]
   429                           
   430     0004                     interrupt_function:
   431     007E                     saved_w	set	btemp
   432     0004  00FE               	movwf	btemp
   433     0005  0E03               	swapf	3,w
   434     0006  00F0               	movwf	??_ISR
   435     0007  080A               	movf	10,w
   436     0008  00F1               	movwf	??_ISR+1
   437     0009  118A  282C         	ljmp	_ISR
   438                           
   439                           	psect	config
   440                           
   441                           ;Config register CONFIG1 @ 0x2007
   442                           ;	Oscillator Selection bits
   443                           ;	FOSC = INTRC_NOCLKOUT, INTOSCIO oscillator: I/O function on RA6/OSC2/CLKOUT pin, I/O f
      +                          unction on RA7/OSC1/CLKIN
   444                           ;	Watchdog Timer Enable bit
   445                           ;	WDTE = OFF, WDT disabled and can be enabled by SWDTEN bit of the WDTCON register
   446                           ;	Power-up Timer Enable bit
   447                           ;	PWRTE = OFF, PWRT disabled
   448                           ;	RE3/MCLR pin function select bit
   449                           ;	MCLRE = ON, RE3/MCLR pin function is MCLR
   450                           ;	Code Protection bit
   451                           ;	CP = OFF, Program memory code protection is disabled
   452                           ;	Data Code Protection bit
   453                           ;	CPD = OFF, Data memory code protection is disabled
   454                           ;	Brown Out Reset Selection bits
   455                           ;	BOREN = OFF, BOR disabled
   456                           ;	Internal External Switchover bit
   457                           ;	IESO = OFF, Internal/External Switchover mode is disabled
   458                           ;	Fail-Safe Clock Monitor Enabled bit
   459                           ;	FCMEN = OFF, Fail-Safe Clock Monitor is disabled
   460                           ;	Low Voltage Programming Enable bit
   461                           ;	LVP = OFF, RB3 pin has digital I/O, HV on MCLR must be used for programming
   462                           ;	In-Circuit Debugger Mode bit
   463                           ;	DEBUG = 0x1, unprogrammed default
   464     2007                     	org	8199
   465     2007  20F4               	dw	8436
   466                           
   467                           ;Config register CONFIG2 @ 0x2008
   468                           ;	Brown-out Reset Selection bit
   469                           ;	BOR4V = BOR40V, Brown-out Reset set to 4.0V
   470                           ;	Flash Program Memory Self Write Enable bits
   471                           ;	WRT = OFF, Write protection off
   472     2008                     	org	8200
   473     2008  3FFF               	dw	16383

Data Sizes:
    Strings     0
    Constant    0
    Data        0
    BSS         0
    Persistent  0
    Stack       0

Auto Spaces:
    Space          Size  Autos    Used
    COMMON           14      2       2
    BANK0            80      0       0
    BANK1            80      0       0
    BANK2            80      0       0

Pointer List with Targets:

    None.

Critical Paths under _main in COMMON

    None.

Critical Paths under _ISR in COMMON

    None.

Critical Paths under _main in BANK0

    None.

Critical Paths under _ISR in BANK0

    None.

Critical Paths under _main in BANK1

    None.

Critical Paths under _ISR in BANK1

    None.

Critical Paths under _main in BANK2

    None.

Critical Paths under _ISR in BANK2

    None.

Call Graph Tables:

 ---------------------------------------------------------------------------------
 (Depth) Function   	        Calls       Base Space   Used Autos Params    Refs
 ---------------------------------------------------------------------------------
 (0) _main                                                 0     0      0       0
 ---------------------------------------------------------------------------------
 Estimated maximum stack depth 0
 ---------------------------------------------------------------------------------
 (Depth) Function   	        Calls       Base Space   Used Autos Params    Refs
 ---------------------------------------------------------------------------------
 (1) _ISR                                                  2     2      0       0
                                              0 COMMON     2     2      0
 ---------------------------------------------------------------------------------
 Estimated maximum stack depth 1
 ---------------------------------------------------------------------------------

 Call Graph Graphs:

 _main (ROOT)

 _ISR (ROOT)

 Address spaces:
Name               Size   Autos  Total    Cost      Usage
BITCOMMON            E      0       0       0        0.0%
EEDATA             100      0       0       0        0.0%
NULL                 0      0       0       0        0.0%
CODE                 0      0       0       0        0.0%
COMMON               E      2       2       1       14.3%
BITSFR0              0      0       0       1        0.0%
SFR0                 0      0       0       1        0.0%
BITSFR1              0      0       0       2        0.0%
SFR1                 0      0       0       2        0.0%
STACK                0      0       0       2        0.0%
BANK0               50      0       0       3        0.0%
BITBANK1            50      0       0       4        0.0%
BITSFR3              0      0       0       4        0.0%
SFR3                 0      0       0       4        0.0%
BANK1               50      0       0       5        0.0%
BITSFR2              0      0       0       5        0.0%
SFR2                 0      0       0       5        0.0%
BITBANK2            50      0       0       6        0.0%
BANK2               50      0       0       7        0.0%
ABS                  0      0       0       8        0.0%
BITBANK0            50      0       0       9        0.0%
DATA                 0      0       0      10        0.0%


Microchip Technology PIC Macro Assembler V2.45 build 20230818022343 
Symbol Table                                                                                   Fri Mar 01 09:29:35 2024

                     l40 0029                       l39 0029                      l600 001D  
                    l610 0027                      l602 001E                      l612 0028  
                    l604 001F                      l606 0020                      l608 0024  
                    l592 0010                      l594 0019                      l596 001B  
                    l598 001C                      _GIE 005F                      _RC0 0038  
                    _ISR 002C                     ?_ISR 0070                     _PEIE 005E  
                   i1l48 0035                     _TMR1 000E                     u1_20 0032  
                   u1_21 0031                     _main 0010                     btemp 007E  
                   start 000B                    ??_ISR 0070                    ?_main 0070  
                  _CCPR1 0015                    i1l614 002C                    i1l616 0032  
                  i1l618 0034                    pclath 000A                    status 0003  
                  wtemp0 007E          __initialization 000D             __end_of_main 002C  
                 ??_main 0072                   _CCP1M0 00B8                   _CCP1M1 00B9  
                 _CCP1M2 00BA                   _CCP1M3 00BB                   _CCP1IE 0462  
                 _CCP1IF 0062                   _T1SYNC 0082                   _TMR1CS 0081  
                 _TMR1ON 0080                   _TRISC0 0438                   saved_w 007E  
__end_of__initialization 000D           __pcstackCOMMON 0070               __pmaintext 0010  
             __pintentry 0004                  _T1CKPS0 0084                  _T1CKPS1 0085  
                __ptext1 002C     end_of_initialization 000D      start_initialization 000D  
            __end_of_ISR 003C                ___latbits 0001        interrupt_function 0004  
               intlevel1 0000  
